*** Using Compiler 'V5.06 update 7 (build 960)', folder: 'D:\Program Files\keil_V5\ARM\ARMCC\Bin'
Build target 'Target 1'
assembling startup_stm32f10x_hd.s...
compiling Driver_tim6.c...
compiling Driver_tim1.c...
compiling Inf_M24C02.c...
compiling Driver_systick.c...
compiling Driver_USART1.c...
compiling main.c...
compiling system_stm32f10x.c...
compiling Delay.c...
compiling Driver_Key.c...
compiling Driver_LED.c...
compiling Driver_tim5.c...
compiling Driver_I2C.c...
compiling Driver_DMA1.c...
compiling Driver_tim4.c...
compiling Driver_DMA1_RX.c...
compiling Driver_ADC_single.c...
compiling Driver_ADC_doube.c...
compiling core_cm3.c...
compiling Driver_spi.c...
compiling Inf_W25Q32.c...
linking...
Program Size: Code=2740 RO-data=336 RW-data=12 ZI-data=1124  
FromELF: creating hex file...
".\Objects\P01_LED_register.axf" - 0 Error(s), 0 Warning(s).
Build Time Elapsed:  00:00:03
